<?xml version="1.0" encoding="UTF-8"?>
<testng-results ignored="0" total="2" passed="2" failed="0" skipped="0">
  <reporter-output>
  </reporter-output>
  <suite started-at="2022-08-04T11:24:39 IST" name="Default suite" finished-at="2022-08-04T11:24:39 IST" duration-ms="97">
    <groups>
    </groups>
    <test started-at="2022-08-04T11:24:39 IST" name="Default test" finished-at="2022-08-04T11:24:39 IST" duration-ms="97">
      <class name="UI.testng">
        <test-method signature="login()[pri:0, instance:UI.testng@78aab498]" started-at="2022-08-04T11:24:39 IST" name="login" finished-at="2022-08-04T11:24:39 IST" duration-ms="20" status="PASS">
          <reporter-output>
          </reporter-output>
        </test-method> <!-- login -->
        <test-method signature="logout()[pri:0, instance:UI.testng@78aab498]" started-at="2022-08-04T11:24:39 IST" name="logout" finished-at="2022-08-04T11:24:39 IST" duration-ms="3" status="PASS">
          <reporter-output>
          </reporter-output>
        </test-method> <!-- logout -->
      </class> <!-- UI.testng -->
    </test> <!-- Default test -->
  </suite> <!-- Default suite -->
</testng-results>
